<?xml version="1.0" encoding="UTF-8"?>
<!-- Generated by org.testng.reporters.JUnitXMLReporter -->
<testsuite ignored="0" hostname="USHYDMUDINESH4" failures="0" tests="6" name="Default test" time="10.466" errors="0" timestamp="2024-01-30T00:16:00 IST">
  <testcase classname="api.test.DDTests" name="testPostUser" time="3.704"/>
  <testcase classname="api.test.DDTests" name="testPostUser" time="1.171"/>
  <testcase classname="api.test.DDTests" name="testPostUser" time="1.09"/>
  <testcase classname="api.test.DDTests" name="testDeleteByUserName" time="1.107"/>
  <testcase classname="api.test.DDTests" name="testDeleteByUserName" time="1.08"/>
  <testcase classname="api.test.DDTests" name="testDeleteByUserName" time="1.116"/>
</testsuite> <!-- Default test -->
