<?xml version="1.0" encoding="UTF-8"?>
<testng-results ignored="0" total="14" passed="14" failed="0" skipped="0">
  <reporter-output>
  </reporter-output>
  <suite started-at="2024-02-20T16:24:37 IST" name="PetstoreSuite" finished-at="2024-02-20T16:25:03 IST" duration-ms="25330">
    <groups>
    </groups>
    <test started-at="2024-02-20T16:24:37 IST" name="UserTests" finished-at="2024-02-20T16:25:03 IST" duration-ms="25330">
      <class name="api.test.UserTests2">
        <test-method is-config="true" signature="setup()[pri:0, instance:api.test.UserTests2@5ab956d7]" started-at="2024-02-20T16:24:47 IST" name="setup" finished-at="2024-02-20T16:24:47 IST" duration-ms="99" status="PASS">
          <reporter-output>
          </reporter-output>
        </test-method> <!-- setup -->
        <test-method signature="testPostUser()[pri:1, instance:api.test.UserTests2@5ab956d7]" started-at="2024-02-20T16:24:47 IST" name="testPostUser" finished-at="2024-02-20T16:24:49 IST" duration-ms="1314" status="PASS">
          <reporter-output>
          </reporter-output>
        </test-method> <!-- testPostUser -->
        <test-method signature="testGETUserByName()[pri:2, instance:api.test.UserTests2@5ab956d7]" started-at="2024-02-20T16:24:49 IST" name="testGETUserByName" finished-at="2024-02-20T16:24:50 IST" duration-ms="1220" status="PASS">
          <reporter-output>
          </reporter-output>
        </test-method> <!-- testGETUserByName -->
        <test-method signature="testUpdateUserByName()[pri:3, instance:api.test.UserTests2@5ab956d7]" started-at="2024-02-20T16:24:50 IST" name="testUpdateUserByName" finished-at="2024-02-20T16:24:52 IST" duration-ms="2452" status="PASS">
          <reporter-output>
          </reporter-output>
        </test-method> <!-- testUpdateUserByName -->
        <test-method signature="testdeleteUserByName()[pri:4, instance:api.test.UserTests2@5ab956d7]" started-at="2024-02-20T16:24:52 IST" name="testdeleteUserByName" finished-at="2024-02-20T16:24:54 IST" duration-ms="1214" status="PASS">
          <reporter-output>
          </reporter-output>
        </test-method> <!-- testdeleteUserByName -->
      </class> <!-- api.test.UserTests2 -->
      <class name="api.test.UserTests">
        <test-method is-config="true" signature="setup()[pri:0, instance:api.test.UserTests@368247b9]" started-at="2024-02-20T16:24:38 IST" name="setup" finished-at="2024-02-20T16:24:39 IST" duration-ms="1126" status="PASS">
          <reporter-output>
          </reporter-output>
        </test-method> <!-- setup -->
        <test-method signature="testPostUser()[pri:1, instance:api.test.UserTests@368247b9]" started-at="2024-02-20T16:24:39 IST" name="testPostUser" finished-at="2024-02-20T16:24:42 IST" duration-ms="3597" status="PASS">
          <reporter-output>
          </reporter-output>
        </test-method> <!-- testPostUser -->
        <test-method signature="testGETUserByName()[pri:2, instance:api.test.UserTests@368247b9]" started-at="2024-02-20T16:24:42 IST" name="testGETUserByName" finished-at="2024-02-20T16:24:44 IST" duration-ms="1287" status="PASS">
          <reporter-output>
          </reporter-output>
        </test-method> <!-- testGETUserByName -->
        <test-method signature="testUpdateUserByName()[pri:3, instance:api.test.UserTests@368247b9]" started-at="2024-02-20T16:24:44 IST" name="testUpdateUserByName" finished-at="2024-02-20T16:24:46 IST" duration-ms="2446" status="PASS">
          <reporter-output>
          </reporter-output>
        </test-method> <!-- testUpdateUserByName -->
        <test-method signature="testdeleteUserByName()[pri:4, instance:api.test.UserTests@368247b9]" started-at="2024-02-20T16:24:46 IST" name="testdeleteUserByName" finished-at="2024-02-20T16:24:47 IST" duration-ms="1154" status="PASS">
          <reporter-output>
          </reporter-output>
        </test-method> <!-- testdeleteUserByName -->
      </class> <!-- api.test.UserTests -->
      <class name="api.test.DDTests">
        <test-method signature="testPostUser(java.lang.String,java.lang.String,java.lang.String,java.lang.String,java.lang.String,java.lang.String,java.lang.String)[pri:1, instance:api.test.DDTests@3646a422]" started-at="2024-02-20T16:24:55 IST" name="testPostUser" data-provider="Data" finished-at="2024-02-20T16:24:56 IST" duration-ms="1154" status="PASS">
          <params>
            <param index="0">
              <value>
                <![CDATA[1010]]>
              </value>
            </param>
            <param index="1">
              <value>
                <![CDATA[testuser1]]>
              </value>
            </param>
            <param index="2">
              <value>
                <![CDATA[John]]>
              </value>
            </param>
            <param index="3">
              <value>
                <![CDATA[Canedy]]>
              </value>
            </param>
            <param index="4">
              <value>
                <![CDATA[a@gmail.com]]>
              </value>
            </param>
            <param index="5">
              <value>
                <![CDATA[test@1]]>
              </value>
            </param>
            <param index="6">
              <value>
                <![CDATA[123456789]]>
              </value>
            </param>
          </params>
          <reporter-output>
          </reporter-output>
        </test-method> <!-- testPostUser -->
        <test-method signature="testPostUser(java.lang.String,java.lang.String,java.lang.String,java.lang.String,java.lang.String,java.lang.String,java.lang.String)[pri:1, instance:api.test.DDTests@3646a422]" started-at="2024-02-20T16:24:56 IST" name="testPostUser" data-provider="Data" finished-at="2024-02-20T16:24:57 IST" duration-ms="1214" status="PASS">
          <params>
            <param index="0">
              <value>
                <![CDATA[1020]]>
              </value>
            </param>
            <param index="1">
              <value>
                <![CDATA[testuser2]]>
              </value>
            </param>
            <param index="2">
              <value>
                <![CDATA[Kim]]>
              </value>
            </param>
            <param index="3">
              <value>
                <![CDATA[Kom]]>
              </value>
            </param>
            <param index="4">
              <value>
                <![CDATA[b@gmail.com]]>
              </value>
            </param>
            <param index="5">
              <value>
                <![CDATA[test@2]]>
              </value>
            </param>
            <param index="6">
              <value>
                <![CDATA[123456789]]>
              </value>
            </param>
          </params>
          <reporter-output>
          </reporter-output>
        </test-method> <!-- testPostUser -->
        <test-method signature="testPostUser(java.lang.String,java.lang.String,java.lang.String,java.lang.String,java.lang.String,java.lang.String,java.lang.String)[pri:1, instance:api.test.DDTests@3646a422]" started-at="2024-02-20T16:24:57 IST" name="testPostUser" data-provider="Data" finished-at="2024-02-20T16:24:59 IST" duration-ms="1229" status="PASS">
          <params>
            <param index="0">
              <value>
                <![CDATA[1030]]>
              </value>
            </param>
            <param index="1">
              <value>
                <![CDATA[testuser3]]>
              </value>
            </param>
            <param index="2">
              <value>
                <![CDATA[Smith]]>
              </value>
            </param>
            <param index="3">
              <value>
                <![CDATA[Steve]]>
              </value>
            </param>
            <param index="4">
              <value>
                <![CDATA[c@gmail.com]]>
              </value>
            </param>
            <param index="5">
              <value>
                <![CDATA[test@3]]>
              </value>
            </param>
            <param index="6">
              <value>
                <![CDATA[123456789]]>
              </value>
            </param>
          </params>
          <reporter-output>
          </reporter-output>
        </test-method> <!-- testPostUser -->
        <test-method signature="testDeleteByUserName(java.lang.String)[pri:2, instance:api.test.DDTests@3646a422]" started-at="2024-02-20T16:24:59 IST" name="testDeleteByUserName" data-provider="UserNames" finished-at="2024-02-20T16:25:00 IST" duration-ms="1287" status="PASS">
          <params>
            <param index="0">
              <value>
                <![CDATA[testuser1]]>
              </value>
            </param>
          </params>
          <reporter-output>
          </reporter-output>
        </test-method> <!-- testDeleteByUserName -->
        <test-method signature="testDeleteByUserName(java.lang.String)[pri:2, instance:api.test.DDTests@3646a422]" started-at="2024-02-20T16:25:00 IST" name="testDeleteByUserName" data-provider="UserNames" finished-at="2024-02-20T16:25:01 IST" duration-ms="1240" status="PASS">
          <params>
            <param index="0">
              <value>
                <![CDATA[testuser2]]>
              </value>
            </param>
          </params>
          <reporter-output>
          </reporter-output>
        </test-method> <!-- testDeleteByUserName -->
        <test-method signature="testDeleteByUserName(java.lang.String)[pri:2, instance:api.test.DDTests@3646a422]" started-at="2024-02-20T16:25:01 IST" name="testDeleteByUserName" data-provider="UserNames" finished-at="2024-02-20T16:25:03 IST" duration-ms="1281" status="PASS">
          <params>
            <param index="0">
              <value>
                <![CDATA[testuser3]]>
              </value>
            </param>
          </params>
          <reporter-output>
          </reporter-output>
        </test-method> <!-- testDeleteByUserName -->
      </class> <!-- api.test.DDTests -->
    </test> <!-- UserTests -->
  </suite> <!-- PetstoreSuite -->
</testng-results>
