<?xml version="1.0" encoding="UTF-8"?>
<!-- Generated by org.testng.reporters.JUnitXMLReporter -->
<testsuite ignored="0" hostname="USBLRPUJGUPTA7" failures="0" tests="14" name="UserTests" time="25.33" errors="0" timestamp="2024-02-20T16:25:03 IST">
  <testcase classname="api.test.UserTests" name="testPostUser" time="3.597"/>
  <testcase classname="api.test.UserTests" name="testGETUserByName" time="1.287"/>
  <testcase classname="api.test.UserTests" name="testUpdateUserByName" time="2.446"/>
  <testcase classname="api.test.UserTests" name="testdeleteUserByName" time="1.154"/>
  <testcase classname="api.test.UserTests2" name="testPostUser" time="1.314"/>
  <testcase classname="api.test.UserTests2" name="testGETUserByName" time="1.22"/>
  <testcase classname="api.test.UserTests2" name="testUpdateUserByName" time="2.452"/>
  <testcase classname="api.test.UserTests2" name="testdeleteUserByName" time="1.214"/>
  <testcase classname="api.test.DDTests" name="testPostUser" time="1.154"/>
  <testcase classname="api.test.DDTests" name="testPostUser" time="1.214"/>
  <testcase classname="api.test.DDTests" name="testPostUser" time="1.229"/>
  <testcase classname="api.test.DDTests" name="testDeleteByUserName" time="1.287"/>
  <testcase classname="api.test.DDTests" name="testDeleteByUserName" time="1.24"/>
  <testcase classname="api.test.DDTests" name="testDeleteByUserName" time="1.281"/>
</testsuite> <!-- UserTests -->
